<?xml version="1.0" encoding="UTF-8"?>
<!-- Generated by org.testng.reporters.JUnitReportReporter -->
<testsuite hostname="Nick-PC" name="um.edu.mt.model.ModelRunner" tests="1" failures="0" timestamp="19 Dec 2014 11:59:36 GMT" time="0.532" errors="0">
  <testcase name="test" time="0.532" classname="um.edu.mt.model.ModelRunner"/>
</testsuite> <!-- um.edu.mt.model.ModelRunner -->
